<?xml version="1.0" encoding="UTF-8"?>
<!-- Generated by org.testng.reporters.JUnitReportReporter -->
<testsuite hostname="aparna-pc" name="AppPackage.AppProject.App" tests="2" failures="0" timestamp="2 Apr 2016 14:15:07 GMT" time="0.008" errors="0">
  <testcase name="test12" time="0.001" classname="AppPackage.AppProject.App"/>
  <testcase name="test11" time="0.007" classname="AppPackage.AppProject.App"/>
</testsuite> <!-- AppPackage.AppProject.App -->
